2021-09-27 22:48:31,553 - INFO - data_getter - Loading the data form local...
2021-09-27 22:48:31,554 - ERROR - data_getter - Error on Loading data
2021-09-27 22:48:41,218 - INFO - data_getter - Loading the data form local...
2021-09-27 22:48:41,525 - INFO - data_getter - Data load successfully
2021-09-27 22:49:06,828 - INFO - data_getter - Loading the data form local...
2021-09-27 22:49:06,986 - INFO - data_getter - Data load successfully
2021-09-27 22:51:46,140 - INFO - data_getter - Loading the data form local...
2021-09-27 22:51:46,304 - INFO - data_getter - Data load successfully
2021-10-01 21:44:08,439 - INFO - data_getter - Loading the data form local...
2021-10-01 21:44:08,715 - INFO - data_getter - Data load successfully
2021-10-01 21:44:38,552 - INFO - data_getter - Loading the data form local...
2021-10-01 21:44:38,653 - INFO - data_getter - Data load successfully
2021-10-01 21:46:06,286 - INFO - data_getter - Loading the data form local...
2021-10-01 21:46:06,401 - INFO - data_getter - Data load successfully
2021-10-01 21:49:29,030 - INFO - data_getter - Loading the data form local...
2021-10-01 21:49:29,030 - INFO - data_getter - Loading the data form local...
2021-10-01 21:49:29,189 - INFO - data_getter - Data load successfully
2021-10-01 21:49:29,189 - INFO - data_getter - Data load successfully
2021-10-01 21:53:19,718 - INFO - data_getter - Loading the data form local...
2021-10-01 21:53:19,718 - INFO - data_getter - Loading the data form local...
2021-10-01 21:53:19,876 - INFO - data_getter - Data load successfully
2021-10-01 21:53:19,876 - INFO - data_getter - Data load successfully
2021-10-01 21:55:27,738 - INFO - data_getter - Loading the data form local...
2021-10-01 21:55:27,738 - INFO - data_getter - Loading the data form local...
2021-10-01 21:55:27,898 - INFO - data_getter - Data load successfully
2021-10-01 21:55:27,898 - INFO - data_getter - Data load successfully
2021-10-01 22:00:48,860 - INFO - data_getter - Loading the data form local...
2021-10-01 22:00:48,860 - INFO - data_getter - Loading the data form local...
2021-10-01 22:00:48,980 - INFO - data_getter - Data load successfully
2021-10-01 22:00:48,980 - INFO - data_getter - Data load successfully
2021-10-01 22:07:25,930 - INFO - data_getter - Loading the data form local...
2021-10-01 22:07:25,930 - INFO - data_getter - Loading the data form local...
2021-10-01 22:07:26,031 - INFO - data_getter - Data load successfully
2021-10-01 22:07:26,031 - INFO - data_getter - Data load successfully
2021-10-01 22:07:39,964 - INFO - data_getter - Loading the data form local...
2021-10-01 22:07:39,964 - INFO - data_getter - Loading the data form local...
2021-10-01 22:07:40,073 - INFO - data_getter - Data load successfully
2021-10-01 22:07:40,073 - INFO - data_getter - Data load successfully
2021-10-01 22:07:53,439 - INFO - data_getter - Loading the data form local...
2021-10-01 22:07:53,439 - INFO - data_getter - Loading the data form local...
2021-10-01 22:07:53,539 - INFO - data_getter - Data load successfully
2021-10-01 22:07:53,539 - INFO - data_getter - Data load successfully
2021-10-01 22:09:18,766 - INFO - data_getter - Loading the data form local...
2021-10-01 22:09:18,766 - INFO - data_getter - Loading the data form local...
2021-10-01 22:09:18,929 - INFO - data_getter - Data load successfully
2021-10-01 22:09:18,929 - INFO - data_getter - Data load successfully
2021-10-01 22:10:23,040 - INFO - data_getter - Loading the data form local...
2021-10-01 22:10:23,040 - INFO - data_getter - Loading the data form local...
2021-10-01 22:10:23,217 - INFO - data_getter - Data load successfully
2021-10-01 22:10:23,217 - INFO - data_getter - Data load successfully
2021-10-01 22:14:13,071 - INFO - data_getter - Loading the data form local...
2021-10-01 22:14:13,071 - INFO - data_getter - Loading the data form local...
2021-10-01 22:14:13,229 - INFO - data_getter - Data load successfully
2021-10-01 22:14:13,229 - INFO - data_getter - Data load successfully
2021-10-01 22:18:36,190 - INFO - data_getter - Loading the data form local...
2021-10-01 22:18:36,190 - INFO - data_getter - Loading the data form local...
2021-10-01 22:18:36,307 - INFO - data_getter - Data load successfully
2021-10-01 22:18:36,307 - INFO - data_getter - Data load successfully
2021-10-01 22:20:49,083 - INFO - data_getter - Loading the data form local...
2021-10-01 22:20:49,083 - INFO - data_getter - Loading the data form local...
2021-10-01 22:20:49,234 - INFO - data_getter - Data load successfully
2021-10-01 22:20:49,234 - INFO - data_getter - Data load successfully
2021-10-01 22:24:29,426 - INFO - data_getter - Loading the data form local...
2021-10-01 22:24:29,426 - INFO - data_getter - Loading the data form local...
2021-10-01 22:24:29,532 - INFO - data_getter - Data load successfully
2021-10-01 22:24:29,532 - INFO - data_getter - Data load successfully
2021-10-01 22:28:33,044 - INFO - data_getter - Loading the data form local...
2021-10-01 22:28:33,044 - INFO - data_getter - Loading the data form local...
2021-10-01 22:28:33,209 - INFO - data_getter - Data load successfully
2021-10-01 22:28:33,209 - INFO - data_getter - Data load successfully
2021-10-01 22:28:36,319 - INFO - data_getter - Loading the data form local...
2021-10-01 22:28:36,319 - INFO - data_getter - Loading the data form local...
2021-10-01 22:28:36,477 - INFO - data_getter - Data load successfully
2021-10-01 22:28:36,477 - INFO - data_getter - Data load successfully
2021-10-01 22:29:51,236 - INFO - data_getter - Loading the data form local...
2021-10-01 22:29:51,236 - INFO - data_getter - Loading the data form local...
2021-10-01 22:29:51,349 - INFO - data_getter - Data load successfully
2021-10-01 22:29:51,349 - INFO - data_getter - Data load successfully
2021-10-01 22:29:51,493 - INFO - save_json - Saving dictionary as json file
2021-10-01 22:29:51,493 - INFO - save_json - Saving dictionary as json file
2021-10-01 22:29:51,493 - INFO - save_json - Dictionary saved as json file
2021-10-01 22:29:51,493 - INFO - save_json - Dictionary saved as json file
2021-10-01 22:31:42,044 - INFO - data_getter - Loading the data form local...
2021-10-01 22:31:42,044 - INFO - data_getter - Loading the data form local...
2021-10-01 22:31:42,147 - INFO - data_getter - Data load successfully
2021-10-01 22:31:42,147 - INFO - data_getter - Data load successfully
2021-10-01 22:31:42,291 - INFO - save_json - Saving dictionary as json file
2021-10-01 22:31:42,291 - INFO - save_json - Saving dictionary as json file
2021-10-01 22:31:42,292 - INFO - save_json - Dictionary saved as json file
2021-10-01 22:31:42,292 - INFO - save_json - Dictionary saved as json file
2021-10-01 22:42:06,380 - INFO - data_getter - Loading the data form local...
2021-10-01 22:42:06,380 - INFO - data_getter - Loading the data form local...
2021-10-01 22:42:06,537 - INFO - data_getter - Data load successfully
2021-10-01 22:42:06,537 - INFO - data_getter - Data load successfully
2021-10-01 22:43:16,535 - INFO - data_getter - Loading the data form local...
2021-10-01 22:43:16,535 - INFO - data_getter - Loading the data form local...
2021-10-01 22:43:16,686 - INFO - data_getter - Data load successfully
2021-10-01 22:43:16,686 - INFO - data_getter - Data load successfully
2021-10-01 22:45:14,326 - INFO - data_getter - Loading the data form local...
2021-10-01 22:45:14,326 - INFO - data_getter - Loading the data form local...
2021-10-01 22:45:14,478 - INFO - data_getter - Data load successfully
2021-10-01 22:45:14,478 - INFO - data_getter - Data load successfully
2021-10-01 22:45:14,587 - INFO - save_json - Saving dictionary as json file
2021-10-01 22:45:14,587 - INFO - save_json - Saving dictionary as json file
2021-10-01 22:45:14,588 - ERROR - save_json - Error occured while saving dictionary as json file [Errno 2] No such file or directory: './online_order/.json'
2021-10-01 22:45:14,588 - ERROR - save_json - Error occured while saving dictionary as json file [Errno 2] No such file or directory: './online_order/.json'
2021-10-01 22:46:52,935 - INFO - data_getter - Loading the data form local...
2021-10-01 22:46:52,935 - INFO - data_getter - Loading the data form local...
2021-10-01 22:46:53,096 - INFO - data_getter - Data load successfully
2021-10-01 22:46:53,096 - INFO - data_getter - Data load successfully
2021-10-01 22:46:53,213 - INFO - save_json - Saving dictionary as json file
2021-10-01 22:46:53,213 - INFO - save_json - Saving dictionary as json file
2021-10-01 22:46:53,213 - ERROR - save_json - Error occured while saving dictionary as json file [Errno 2] No such file or directory: './online_order/online_order.json'
2021-10-01 22:46:53,213 - ERROR - save_json - Error occured while saving dictionary as json file [Errno 2] No such file or directory: './online_order/online_order.json'
2021-10-01 22:47:46,526 - INFO - data_getter - Loading the data form local...
2021-10-01 22:47:46,526 - INFO - data_getter - Loading the data form local...
2021-10-01 22:47:46,674 - INFO - data_getter - Data load successfully
2021-10-01 22:47:46,674 - INFO - data_getter - Data load successfully
2021-10-01 22:47:46,785 - INFO - save_json - Saving dictionary as json file
2021-10-01 22:47:46,785 - INFO - save_json - Saving dictionary as json file
2021-10-01 22:47:46,787 - INFO - save_json - Dictionary saved as json file
2021-10-01 22:47:46,787 - INFO - save_json - Dictionary saved as json file
2021-10-01 22:47:46,801 - INFO - save_json - Saving dictionary as json file
2021-10-01 22:47:46,801 - INFO - save_json - Saving dictionary as json file
2021-10-01 22:47:46,802 - INFO - save_json - Dictionary saved as json file
2021-10-01 22:47:46,802 - INFO - save_json - Dictionary saved as json file
2021-10-01 22:47:46,816 - INFO - save_json - Saving dictionary as json file
2021-10-01 22:47:46,816 - INFO - save_json - Saving dictionary as json file
2021-10-01 22:47:46,819 - INFO - save_json - Dictionary saved as json file
2021-10-01 22:47:46,819 - INFO - save_json - Dictionary saved as json file
2021-10-01 22:47:46,832 - INFO - save_json - Saving dictionary as json file
2021-10-01 22:47:46,832 - INFO - save_json - Saving dictionary as json file
2021-10-01 22:47:46,834 - INFO - save_json - Dictionary saved as json file
2021-10-01 22:47:46,834 - INFO - save_json - Dictionary saved as json file
2021-10-01 22:47:46,847 - INFO - save_json - Saving dictionary as json file
2021-10-01 22:47:46,847 - INFO - save_json - Saving dictionary as json file
2021-10-01 22:47:46,848 - INFO - save_json - Dictionary saved as json file
2021-10-01 22:47:46,848 - INFO - save_json - Dictionary saved as json file
2021-10-01 22:47:46,849 - INFO - data_saved - Saving the data to local...
2021-10-01 22:47:46,849 - INFO - data_saved - Saving the data to local...
2021-10-01 22:47:46,884 - ERROR - data_saved - Error on Saving data
2021-10-01 22:47:46,884 - ERROR - data_saved - Error on Saving data
2021-10-01 22:48:23,051 - INFO - data_getter - Loading the data form local...
2021-10-01 22:48:23,051 - INFO - data_getter - Loading the data form local...
2021-10-01 22:48:23,203 - INFO - data_getter - Data load successfully
2021-10-01 22:48:23,203 - INFO - data_getter - Data load successfully
2021-10-01 22:48:23,319 - INFO - save_json - Saving dictionary as json file
2021-10-01 22:48:23,319 - INFO - save_json - Saving dictionary as json file
2021-10-01 22:48:23,319 - INFO - save_json - Dictionary saved as json file
2021-10-01 22:48:23,319 - INFO - save_json - Dictionary saved as json file
2021-10-01 22:48:23,333 - INFO - save_json - Saving dictionary as json file
2021-10-01 22:48:23,333 - INFO - save_json - Saving dictionary as json file
2021-10-01 22:48:23,334 - INFO - save_json - Dictionary saved as json file
2021-10-01 22:48:23,334 - INFO - save_json - Dictionary saved as json file
2021-10-01 22:48:23,349 - INFO - save_json - Saving dictionary as json file
2021-10-01 22:48:23,349 - INFO - save_json - Saving dictionary as json file
2021-10-01 22:48:23,351 - INFO - save_json - Dictionary saved as json file
2021-10-01 22:48:23,351 - INFO - save_json - Dictionary saved as json file
2021-10-01 22:48:23,364 - INFO - save_json - Saving dictionary as json file
2021-10-01 22:48:23,364 - INFO - save_json - Saving dictionary as json file
2021-10-01 22:48:23,366 - INFO - save_json - Dictionary saved as json file
2021-10-01 22:48:23,366 - INFO - save_json - Dictionary saved as json file
2021-10-01 22:48:23,379 - INFO - save_json - Saving dictionary as json file
2021-10-01 22:48:23,379 - INFO - save_json - Saving dictionary as json file
2021-10-01 22:48:23,380 - INFO - save_json - Dictionary saved as json file
2021-10-01 22:48:23,380 - INFO - save_json - Dictionary saved as json file
2021-10-01 22:48:23,380 - INFO - data_saved - Saving the data to local...
2021-10-01 22:48:23,380 - INFO - data_saved - Saving the data to local...
2021-10-01 22:48:25,426 - INFO - data_saved - Data saved successfully
2021-10-01 22:48:25,426 - INFO - data_saved - Data saved successfully
2021-10-01 22:58:33,289 - INFO - data_getter - Loading the data form local...
2021-10-01 22:58:33,289 - INFO - data_getter - Loading the data form local...
2021-10-01 22:58:33,452 - INFO - data_getter - Data load successfully
2021-10-01 22:58:33,452 - INFO - data_getter - Data load successfully
2021-10-01 22:58:33,685 - INFO - save_json - Saving dictionary as json file
2021-10-01 22:58:33,685 - INFO - save_json - Saving dictionary as json file
2021-10-01 22:58:33,686 - INFO - save_json - Dictionary saved as json file
2021-10-01 22:58:33,686 - INFO - save_json - Dictionary saved as json file
2021-10-01 22:58:33,699 - INFO - save_json - Saving dictionary as json file
2021-10-01 22:58:33,699 - INFO - save_json - Saving dictionary as json file
2021-10-01 22:58:33,700 - INFO - save_json - Dictionary saved as json file
2021-10-01 22:58:33,700 - INFO - save_json - Dictionary saved as json file
2021-10-01 22:58:33,714 - INFO - save_json - Saving dictionary as json file
2021-10-01 22:58:33,714 - INFO - save_json - Saving dictionary as json file
2021-10-01 22:58:33,716 - INFO - save_json - Dictionary saved as json file
2021-10-01 22:58:33,716 - INFO - save_json - Dictionary saved as json file
2021-10-01 22:58:33,729 - INFO - save_json - Saving dictionary as json file
2021-10-01 22:58:33,729 - INFO - save_json - Saving dictionary as json file
2021-10-01 22:58:33,731 - INFO - save_json - Dictionary saved as json file
2021-10-01 22:58:33,731 - INFO - save_json - Dictionary saved as json file
2021-10-01 22:58:33,743 - INFO - save_json - Saving dictionary as json file
2021-10-01 22:58:33,743 - INFO - save_json - Saving dictionary as json file
2021-10-01 22:58:33,744 - INFO - save_json - Dictionary saved as json file
2021-10-01 22:58:33,744 - INFO - save_json - Dictionary saved as json file
2021-10-01 22:58:33,744 - INFO - data_saved - Saving the data to local...
2021-10-01 22:58:33,744 - INFO - data_saved - Saving the data to local...
2021-10-01 22:58:33,937 - INFO - data_saved - Data saved successfully
2021-10-01 22:58:33,937 - INFO - data_saved - Data saved successfully
2021-10-01 22:58:58,759 - INFO - data_getter - Loading the data form local...
2021-10-01 22:58:58,759 - INFO - data_getter - Loading the data form local...
2021-10-01 22:58:58,873 - INFO - data_getter - Data load successfully
2021-10-01 22:58:58,873 - INFO - data_getter - Data load successfully
2021-10-01 22:58:59,035 - INFO - save_json - Saving dictionary as json file
2021-10-01 22:58:59,035 - INFO - save_json - Saving dictionary as json file
2021-10-01 22:58:59,035 - INFO - save_json - Dictionary saved as json file
2021-10-01 22:58:59,035 - INFO - save_json - Dictionary saved as json file
2021-10-01 22:58:59,044 - INFO - save_json - Saving dictionary as json file
2021-10-01 22:58:59,044 - INFO - save_json - Saving dictionary as json file
2021-10-01 22:58:59,045 - INFO - save_json - Dictionary saved as json file
2021-10-01 22:58:59,045 - INFO - save_json - Dictionary saved as json file
2021-10-01 22:58:59,054 - INFO - save_json - Saving dictionary as json file
2021-10-01 22:58:59,054 - INFO - save_json - Saving dictionary as json file
2021-10-01 22:58:59,055 - INFO - save_json - Dictionary saved as json file
2021-10-01 22:58:59,055 - INFO - save_json - Dictionary saved as json file
2021-10-01 22:58:59,067 - INFO - save_json - Saving dictionary as json file
2021-10-01 22:58:59,067 - INFO - save_json - Saving dictionary as json file
2021-10-01 22:58:59,068 - INFO - save_json - Dictionary saved as json file
2021-10-01 22:58:59,068 - INFO - save_json - Dictionary saved as json file
2021-10-01 22:58:59,078 - INFO - save_json - Saving dictionary as json file
2021-10-01 22:58:59,078 - INFO - save_json - Saving dictionary as json file
2021-10-01 22:58:59,079 - INFO - save_json - Dictionary saved as json file
2021-10-01 22:58:59,079 - INFO - save_json - Dictionary saved as json file
2021-10-01 22:58:59,079 - INFO - data_saved - Saving the data to local...
2021-10-01 22:58:59,079 - INFO - data_saved - Saving the data to local...
2021-10-01 22:58:59,204 - INFO - data_saved - Data saved successfully
2021-10-01 22:58:59,204 - INFO - data_saved - Data saved successfully
2021-10-02 20:53:28,284 - INFO - load_json - Loading dictionary from json file
2021-10-02 20:53:28,328 - INFO - load_json - Dictionary loaded from json file
2021-10-02 20:54:05,879 - INFO - load_json - Loading dictionary from json file
2021-10-02 20:54:05,879 - INFO - load_json - Dictionary loaded from json file
2021-10-07 22:25:11,583 - INFO - data_getter - Loading the data form local...
2021-10-07 22:25:11,583 - INFO - data_getter - Loading the data form local...
2021-10-07 22:25:12,090 - INFO - data_getter - Data load successfully
2021-10-07 22:25:12,090 - INFO - data_getter - Data load successfully
2021-10-07 22:25:12,225 - INFO - save_json - Saving dictionary as json file
2021-10-07 22:25:12,225 - INFO - save_json - Saving dictionary as json file
2021-10-07 22:25:12,226 - INFO - save_json - Dictionary saved as json file
2021-10-07 22:25:12,226 - INFO - save_json - Dictionary saved as json file
2021-10-07 22:25:12,233 - INFO - save_json - Saving dictionary as json file
2021-10-07 22:25:12,233 - INFO - save_json - Saving dictionary as json file
2021-10-07 22:25:12,233 - INFO - save_json - Dictionary saved as json file
2021-10-07 22:25:12,233 - INFO - save_json - Dictionary saved as json file
2021-10-07 22:25:12,240 - INFO - save_json - Saving dictionary as json file
2021-10-07 22:25:12,240 - INFO - save_json - Saving dictionary as json file
2021-10-07 22:25:12,241 - INFO - save_json - Dictionary saved as json file
2021-10-07 22:25:12,241 - INFO - save_json - Dictionary saved as json file
2021-10-07 22:25:12,247 - INFO - save_json - Saving dictionary as json file
2021-10-07 22:25:12,247 - INFO - save_json - Saving dictionary as json file
2021-10-07 22:25:12,248 - INFO - save_json - Dictionary saved as json file
2021-10-07 22:25:12,248 - INFO - save_json - Dictionary saved as json file
2021-10-07 22:25:12,253 - INFO - save_json - Saving dictionary as json file
2021-10-07 22:25:12,253 - INFO - save_json - Saving dictionary as json file
2021-10-07 22:25:12,254 - INFO - save_json - Dictionary saved as json file
2021-10-07 22:25:12,254 - INFO - save_json - Dictionary saved as json file
2021-10-07 22:25:12,254 - INFO - data_saved - Saving the data to local...
2021-10-07 22:25:12,254 - INFO - data_saved - Saving the data to local...
2021-10-07 22:25:12,333 - INFO - data_saved - Data saved successfully
2021-10-07 22:25:12,333 - INFO - data_saved - Data saved successfully
