2021-10-01 21:49:29,197 - INFO - drop_columns - Dropping columns from data
2021-10-01 21:49:29,198 - ERROR - drop_columns - Error occured while dropping columns from data "['url' 'phone' 'reviews_list' 'name' 'address'] not found in axis"
2021-10-01 21:53:19,922 - INFO - drop_columns - Dropping columns from data
2021-10-01 21:53:19,932 - INFO - drop_columns - Columns dropped successfully
2021-10-01 21:55:27,905 - INFO - drop_columns - Dropping columns from data
2021-10-01 21:55:27,914 - INFO - drop_columns - Columns dropped successfully
2021-10-01 21:55:27,915 - INFO - drop_null - Dropping null values from data
2021-10-01 21:55:28,101 - INFO - drop_null - Null values dropped successfully
2021-10-01 22:00:48,986 - INFO - drop_columns - Dropping columns from data
2021-10-01 22:00:48,996 - INFO - drop_columns - Columns dropped successfully
2021-10-01 22:00:48,996 - INFO - drop_null - Dropping null values from data
2021-10-01 22:00:49,027 - INFO - drop_null - Null values dropped successfully
2021-10-01 22:00:49,027 - INFO - drop_duplicates - Dropping duplicate values from data
2021-10-01 22:00:49,134 - INFO - drop_duplicates - Duplicate values dropped successfully
2021-10-01 22:07:26,036 - INFO - drop_columns - Dropping columns from data
2021-10-01 22:07:26,042 - INFO - drop_columns - Columns dropped successfully
2021-10-01 22:07:26,042 - INFO - drop_null - Dropping null values from data
2021-10-01 22:07:26,064 - INFO - drop_null - Null values dropped successfully
2021-10-01 22:07:26,064 - INFO - drop_duplicates - Dropping duplicate values from data
2021-10-01 22:07:26,092 - INFO - drop_duplicates - Duplicate values dropped successfully
2021-10-01 22:07:40,078 - INFO - drop_columns - Dropping columns from data
2021-10-01 22:07:40,084 - INFO - drop_columns - Columns dropped successfully
2021-10-01 22:07:40,084 - INFO - drop_null - Dropping null values from data
2021-10-01 22:07:40,105 - INFO - drop_null - Null values dropped successfully
2021-10-01 22:07:40,105 - INFO - drop_duplicates - Dropping duplicate values from data
2021-10-01 22:07:40,133 - INFO - drop_duplicates - Duplicate values dropped successfully
2021-10-01 22:07:53,544 - INFO - drop_columns - Dropping columns from data
2021-10-01 22:07:53,549 - INFO - drop_columns - Columns dropped successfully
2021-10-01 22:07:53,550 - INFO - drop_null - Dropping null values from data
2021-10-01 22:07:53,572 - INFO - drop_null - Null values dropped successfully
2021-10-01 22:07:53,572 - INFO - drop_duplicates - Dropping duplicate values from data
2021-10-01 22:07:53,599 - INFO - drop_duplicates - Duplicate values dropped successfully
2021-10-01 22:09:18,935 - INFO - drop_columns - Dropping columns from data
2021-10-01 22:09:18,945 - INFO - drop_columns - Columns dropped successfully
2021-10-01 22:09:18,945 - INFO - drop_null - Dropping null values from data
2021-10-01 22:09:18,981 - INFO - drop_null - Null values dropped successfully
2021-10-01 22:09:18,982 - INFO - drop_duplicates - Dropping duplicate values from data
2021-10-01 22:09:19,028 - INFO - drop_duplicates - Duplicate values dropped successfully
2021-10-01 22:10:23,224 - INFO - drop_columns - Dropping columns from data
2021-10-01 22:10:23,233 - INFO - drop_columns - Columns dropped successfully
2021-10-01 22:10:23,234 - INFO - drop_null - Dropping null values from data
2021-10-01 22:10:23,268 - INFO - drop_null - Null values dropped successfully
2021-10-01 22:10:23,268 - INFO - drop_duplicates - Dropping duplicate values from data
2021-10-01 22:10:23,314 - INFO - drop_duplicates - Duplicate values dropped successfully
2021-10-01 22:14:13,236 - INFO - drop_columns - Dropping columns from data
2021-10-01 22:14:13,245 - INFO - drop_columns - Columns dropped successfully
2021-10-01 22:14:13,245 - INFO - drop_null - Dropping null values from data
2021-10-01 22:14:13,281 - INFO - drop_null - Null values dropped successfully
2021-10-01 22:14:13,281 - INFO - drop_duplicates - Dropping duplicate values from data
2021-10-01 22:14:13,325 - INFO - drop_duplicates - Duplicate values dropped successfully
2021-10-01 22:18:36,313 - INFO - drop_columns - Dropping columns from data
2021-10-01 22:18:36,320 - INFO - drop_columns - Columns dropped successfully
2021-10-01 22:18:36,320 - INFO - drop_null - Dropping null values from data
2021-10-01 22:18:36,344 - INFO - drop_null - Null values dropped successfully
2021-10-01 22:18:36,344 - INFO - drop_duplicates - Dropping duplicate values from data
2021-10-01 22:18:36,371 - INFO - drop_duplicates - Duplicate values dropped successfully
2021-10-01 22:20:49,241 - INFO - drop_columns - Dropping columns from data
2021-10-01 22:20:49,250 - INFO - drop_columns - Columns dropped successfully
2021-10-01 22:20:49,250 - INFO - drop_null - Dropping null values from data
2021-10-01 22:20:49,287 - INFO - drop_null - Null values dropped successfully
2021-10-01 22:20:49,287 - INFO - drop_duplicates - Dropping duplicate values from data
2021-10-01 22:20:49,331 - INFO - drop_duplicates - Duplicate values dropped successfully
2021-10-01 22:24:29,537 - INFO - drop_columns - Dropping columns from data
2021-10-01 22:24:29,543 - INFO - drop_columns - Columns dropped successfully
2021-10-01 22:24:29,544 - INFO - drop_null - Dropping null values from data
2021-10-01 22:24:29,567 - INFO - drop_null - Null values dropped successfully
2021-10-01 22:24:29,567 - INFO - drop_duplicates - Dropping duplicate values from data
2021-10-01 22:24:29,596 - INFO - drop_duplicates - Duplicate values dropped successfully
2021-10-01 22:24:29,674 - INFO - label_encoding - Label encoding categorical features.. Started
2021-10-01 22:24:29,683 - INFO - label_encoding - Label encoding categorical features.. Compleated
2021-10-01 22:24:29,683 - INFO - label_encoding - Label encoding categorical features.. Stored
2021-10-01 22:28:33,217 - INFO - drop_columns - Dropping columns from data
2021-10-01 22:28:33,227 - INFO - drop_columns - Columns dropped successfully
2021-10-01 22:28:33,227 - INFO - drop_null - Dropping null values from data
2021-10-01 22:28:33,263 - INFO - drop_null - Null values dropped successfully
2021-10-01 22:28:33,263 - INFO - drop_duplicates - Dropping duplicate values from data
2021-10-01 22:28:33,312 - INFO - drop_duplicates - Duplicate values dropped successfully
2021-10-01 22:28:33,442 - INFO - label_encoding - Label encoding categorical features.. Started
2021-10-01 22:28:33,456 - INFO - label_encoding - Label encoding categorical features.. Compleated
2021-10-01 22:28:33,457 - INFO - label_encoding - Label encoding categorical features.. Stored
2021-10-01 22:28:36,484 - INFO - drop_columns - Dropping columns from data
2021-10-01 22:28:36,493 - INFO - drop_columns - Columns dropped successfully
2021-10-01 22:28:36,493 - INFO - drop_null - Dropping null values from data
2021-10-01 22:28:36,528 - INFO - drop_null - Null values dropped successfully
2021-10-01 22:28:36,528 - INFO - drop_duplicates - Dropping duplicate values from data
2021-10-01 22:28:36,572 - INFO - drop_duplicates - Duplicate values dropped successfully
2021-10-01 22:28:36,698 - INFO - label_encoding - Label encoding categorical features.. Started
2021-10-01 22:28:36,712 - INFO - label_encoding - Label encoding categorical features.. Compleated
2021-10-01 22:28:36,712 - INFO - label_encoding - Label encoding categorical features.. Stored
2021-10-01 22:29:51,354 - INFO - drop_columns - Dropping columns from data
2021-10-01 22:29:51,360 - INFO - drop_columns - Columns dropped successfully
2021-10-01 22:29:51,360 - INFO - drop_null - Dropping null values from data
2021-10-01 22:29:51,381 - INFO - drop_null - Null values dropped successfully
2021-10-01 22:29:51,382 - INFO - drop_duplicates - Dropping duplicate values from data
2021-10-01 22:29:51,409 - INFO - drop_duplicates - Duplicate values dropped successfully
2021-10-01 22:29:51,484 - INFO - label_encoding - Label encoding categorical features.. Started
2021-10-01 22:29:51,492 - INFO - label_encoding - Label encoding categorical features.. Compleated
2021-10-01 22:29:51,492 - INFO - label_encoding - Label encoding categorical features.. Stored
2021-10-01 22:31:42,152 - INFO - drop_columns - Dropping columns from data
2021-10-01 22:31:42,158 - INFO - drop_columns - Columns dropped successfully
2021-10-01 22:31:42,158 - INFO - drop_null - Dropping null values from data
2021-10-01 22:31:42,180 - INFO - drop_null - Null values dropped successfully
2021-10-01 22:31:42,180 - INFO - drop_duplicates - Dropping duplicate values from data
2021-10-01 22:31:42,207 - INFO - drop_duplicates - Duplicate values dropped successfully
2021-10-01 22:31:42,282 - INFO - label_encoding - Label encoding categorical features.. Started
2021-10-01 22:31:42,291 - INFO - label_encoding - Label encoding categorical features.. Compleated
2021-10-01 22:31:42,291 - INFO - label_encoding - Label encoding categorical features.. Stored
2021-10-01 22:42:06,545 - INFO - drop_columns - Dropping columns from data
2021-10-01 22:42:06,547 - ERROR - drop_columns - Error occured while dropping columns from data "['url' 'phone' 'reviews_list' 'name' 'address'] not found in axis"
2021-10-01 22:43:16,693 - INFO - drop_columns - Dropping columns from data
2021-10-01 22:43:16,702 - INFO - drop_columns - Columns dropped successfully
2021-10-01 22:43:16,703 - INFO - drop_null - Dropping null values from data
2021-10-01 22:43:16,737 - INFO - drop_null - Null values dropped successfully
2021-10-01 22:43:16,738 - INFO - drop_duplicates - Dropping duplicate values from data
2021-10-01 22:43:16,782 - INFO - drop_duplicates - Duplicate values dropped successfully
2021-10-01 22:43:16,782 - INFO - label_encoding - Label encoding categorical features.. Started
2021-10-01 22:43:16,797 - INFO - label_encoding - Label encoding categorical features.. Compleated
2021-10-01 22:43:16,797 - INFO - label_encoding - Label encoding categorical features.. Stored
2021-10-01 22:45:14,485 - INFO - drop_columns - Dropping columns from data
2021-10-01 22:45:14,494 - INFO - drop_columns - Columns dropped successfully
2021-10-01 22:45:14,495 - INFO - drop_null - Dropping null values from data
2021-10-01 22:45:14,528 - INFO - drop_null - Null values dropped successfully
2021-10-01 22:45:14,529 - INFO - drop_duplicates - Dropping duplicate values from data
2021-10-01 22:45:14,573 - INFO - drop_duplicates - Duplicate values dropped successfully
2021-10-01 22:45:14,573 - INFO - label_encoding - Label encoding categorical features.. Started
2021-10-01 22:45:14,587 - INFO - label_encoding - Label encoding categorical features.. Compleated
2021-10-01 22:45:14,587 - INFO - label_encoding - Label encoding categorical features.. Stored
2021-10-01 22:46:53,104 - INFO - drop_columns - Dropping columns from data
2021-10-01 22:46:53,113 - INFO - drop_columns - Columns dropped successfully
2021-10-01 22:46:53,114 - INFO - drop_null - Dropping null values from data
2021-10-01 22:46:53,149 - INFO - drop_null - Null values dropped successfully
2021-10-01 22:46:53,150 - INFO - drop_duplicates - Dropping duplicate values from data
2021-10-01 22:46:53,197 - INFO - drop_duplicates - Duplicate values dropped successfully
2021-10-01 22:46:53,197 - INFO - label_encoding - Label encoding categorical features.. Started
2021-10-01 22:46:53,212 - INFO - label_encoding - Label encoding categorical features.. Compleated
2021-10-01 22:46:53,213 - INFO - label_encoding - Label encoding categorical features.. Stored
2021-10-01 22:47:46,681 - INFO - drop_columns - Dropping columns from data
2021-10-01 22:47:46,690 - INFO - drop_columns - Columns dropped successfully
2021-10-01 22:47:46,691 - INFO - drop_null - Dropping null values from data
2021-10-01 22:47:46,726 - INFO - drop_null - Null values dropped successfully
2021-10-01 22:47:46,726 - INFO - drop_duplicates - Dropping duplicate values from data
2021-10-01 22:47:46,770 - INFO - drop_duplicates - Duplicate values dropped successfully
2021-10-01 22:47:46,770 - INFO - label_encoding - Label encoding categorical features.. Started
2021-10-01 22:47:46,785 - INFO - label_encoding - Label encoding categorical features.. Compleated
2021-10-01 22:47:46,785 - INFO - label_encoding - Label encoding categorical features.. Stored
2021-10-01 22:47:46,787 - INFO - label_encoding - Label encoding categorical features.. Started
2021-10-01 22:47:46,801 - INFO - label_encoding - Label encoding categorical features.. Compleated
2021-10-01 22:47:46,801 - INFO - label_encoding - Label encoding categorical features.. Stored
2021-10-01 22:47:46,802 - INFO - label_encoding - Label encoding categorical features.. Started
2021-10-01 22:47:46,816 - INFO - label_encoding - Label encoding categorical features.. Compleated
2021-10-01 22:47:46,816 - INFO - label_encoding - Label encoding categorical features.. Stored
2021-10-01 22:47:46,819 - INFO - label_encoding - Label encoding categorical features.. Started
2021-10-01 22:47:46,832 - INFO - label_encoding - Label encoding categorical features.. Compleated
2021-10-01 22:47:46,832 - INFO - label_encoding - Label encoding categorical features.. Stored
2021-10-01 22:47:46,835 - INFO - label_encoding - Label encoding categorical features.. Started
2021-10-01 22:47:46,847 - INFO - label_encoding - Label encoding categorical features.. Compleated
2021-10-01 22:47:46,847 - INFO - label_encoding - Label encoding categorical features.. Stored
2021-10-01 22:48:23,211 - INFO - drop_columns - Dropping columns from data
2021-10-01 22:48:23,220 - INFO - drop_columns - Columns dropped successfully
2021-10-01 22:48:23,221 - INFO - drop_null - Dropping null values from data
2021-10-01 22:48:23,257 - INFO - drop_null - Null values dropped successfully
2021-10-01 22:48:23,257 - INFO - drop_duplicates - Dropping duplicate values from data
2021-10-01 22:48:23,303 - INFO - drop_duplicates - Duplicate values dropped successfully
2021-10-01 22:48:23,304 - INFO - label_encoding - Label encoding categorical features.. Started
2021-10-01 22:48:23,318 - INFO - label_encoding - Label encoding categorical features.. Compleated
2021-10-01 22:48:23,318 - INFO - label_encoding - Label encoding categorical features.. Stored
2021-10-01 22:48:23,320 - INFO - label_encoding - Label encoding categorical features.. Started
2021-10-01 22:48:23,333 - INFO - label_encoding - Label encoding categorical features.. Compleated
2021-10-01 22:48:23,333 - INFO - label_encoding - Label encoding categorical features.. Stored
2021-10-01 22:48:23,335 - INFO - label_encoding - Label encoding categorical features.. Started
2021-10-01 22:48:23,349 - INFO - label_encoding - Label encoding categorical features.. Compleated
2021-10-01 22:48:23,349 - INFO - label_encoding - Label encoding categorical features.. Stored
2021-10-01 22:48:23,351 - INFO - label_encoding - Label encoding categorical features.. Started
2021-10-01 22:48:23,364 - INFO - label_encoding - Label encoding categorical features.. Compleated
2021-10-01 22:48:23,364 - INFO - label_encoding - Label encoding categorical features.. Stored
2021-10-01 22:48:23,366 - INFO - label_encoding - Label encoding categorical features.. Started
2021-10-01 22:48:23,378 - INFO - label_encoding - Label encoding categorical features.. Compleated
2021-10-01 22:48:23,379 - INFO - label_encoding - Label encoding categorical features.. Stored
2021-10-01 22:58:33,460 - INFO - drop_columns - Dropping columns from data
2021-10-01 22:58:33,469 - INFO - drop_columns - Columns dropped successfully
2021-10-01 22:58:33,470 - INFO - drop_null - Dropping null values from data
2021-10-01 22:58:33,503 - INFO - drop_null - Null values dropped successfully
2021-10-01 22:58:33,503 - INFO - drop_duplicates - Dropping duplicate values from data
2021-10-01 22:58:33,547 - INFO - drop_duplicates - Duplicate values dropped successfully
2021-10-01 22:58:33,671 - INFO - label_encoding - Label encoding categorical features.. Started
2021-10-01 22:58:33,684 - INFO - label_encoding - Label encoding categorical features.. Compleated
2021-10-01 22:58:33,685 - INFO - label_encoding - Label encoding categorical features.. Stored
2021-10-01 22:58:33,686 - INFO - label_encoding - Label encoding categorical features.. Started
2021-10-01 22:58:33,699 - INFO - label_encoding - Label encoding categorical features.. Compleated
2021-10-01 22:58:33,699 - INFO - label_encoding - Label encoding categorical features.. Stored
2021-10-01 22:58:33,700 - INFO - label_encoding - Label encoding categorical features.. Started
2021-10-01 22:58:33,713 - INFO - label_encoding - Label encoding categorical features.. Compleated
2021-10-01 22:58:33,714 - INFO - label_encoding - Label encoding categorical features.. Stored
2021-10-01 22:58:33,716 - INFO - label_encoding - Label encoding categorical features.. Started
2021-10-01 22:58:33,728 - INFO - label_encoding - Label encoding categorical features.. Compleated
2021-10-01 22:58:33,729 - INFO - label_encoding - Label encoding categorical features.. Stored
2021-10-01 22:58:33,731 - INFO - label_encoding - Label encoding categorical features.. Started
2021-10-01 22:58:33,743 - INFO - label_encoding - Label encoding categorical features.. Compleated
2021-10-01 22:58:33,743 - INFO - label_encoding - Label encoding categorical features.. Stored
2021-10-01 22:58:58,878 - INFO - drop_columns - Dropping columns from data
2021-10-01 22:58:58,884 - INFO - drop_columns - Columns dropped successfully
2021-10-01 22:58:58,884 - INFO - drop_null - Dropping null values from data
2021-10-01 22:58:58,906 - INFO - drop_null - Null values dropped successfully
2021-10-01 22:58:58,907 - INFO - drop_duplicates - Dropping duplicate values from data
2021-10-01 22:58:58,938 - INFO - drop_duplicates - Duplicate values dropped successfully
2021-10-01 22:58:59,026 - INFO - label_encoding - Label encoding categorical features.. Started
2021-10-01 22:58:59,034 - INFO - label_encoding - Label encoding categorical features.. Compleated
2021-10-01 22:58:59,035 - INFO - label_encoding - Label encoding categorical features.. Stored
2021-10-01 22:58:59,036 - INFO - label_encoding - Label encoding categorical features.. Started
2021-10-01 22:58:59,044 - INFO - label_encoding - Label encoding categorical features.. Compleated
2021-10-01 22:58:59,044 - INFO - label_encoding - Label encoding categorical features.. Stored
2021-10-01 22:58:59,045 - INFO - label_encoding - Label encoding categorical features.. Started
2021-10-01 22:58:59,053 - INFO - label_encoding - Label encoding categorical features.. Compleated
2021-10-01 22:58:59,054 - INFO - label_encoding - Label encoding categorical features.. Stored
2021-10-01 22:58:59,055 - INFO - label_encoding - Label encoding categorical features.. Started
2021-10-01 22:58:59,066 - INFO - label_encoding - Label encoding categorical features.. Compleated
2021-10-01 22:58:59,067 - INFO - label_encoding - Label encoding categorical features.. Stored
2021-10-01 22:58:59,068 - INFO - label_encoding - Label encoding categorical features.. Started
2021-10-01 22:58:59,078 - INFO - label_encoding - Label encoding categorical features.. Compleated
2021-10-01 22:58:59,078 - INFO - label_encoding - Label encoding categorical features.. Stored
2021-10-07 22:25:12,097 - INFO - drop_columns - Dropping columns from data
2021-10-07 22:25:12,109 - INFO - drop_columns - Columns dropped successfully
2021-10-07 22:25:12,109 - INFO - drop_null - Dropping null values from data
2021-10-07 22:25:12,134 - INFO - drop_null - Null values dropped successfully
2021-10-07 22:25:12,135 - INFO - drop_duplicates - Dropping duplicate values from data
2021-10-07 22:25:12,164 - INFO - drop_duplicates - Duplicate values dropped successfully
2021-10-07 22:25:12,218 - INFO - label_encoding - Label encoding categorical features.. Started
2021-10-07 22:25:12,225 - INFO - label_encoding - Label encoding categorical features.. Compleated
2021-10-07 22:25:12,225 - INFO - label_encoding - Label encoding categorical features.. Stored
2021-10-07 22:25:12,226 - INFO - label_encoding - Label encoding categorical features.. Started
2021-10-07 22:25:12,232 - INFO - label_encoding - Label encoding categorical features.. Compleated
2021-10-07 22:25:12,232 - INFO - label_encoding - Label encoding categorical features.. Stored
2021-10-07 22:25:12,233 - INFO - label_encoding - Label encoding categorical features.. Started
2021-10-07 22:25:12,240 - INFO - label_encoding - Label encoding categorical features.. Compleated
2021-10-07 22:25:12,240 - INFO - label_encoding - Label encoding categorical features.. Stored
2021-10-07 22:25:12,241 - INFO - label_encoding - Label encoding categorical features.. Started
2021-10-07 22:25:12,247 - INFO - label_encoding - Label encoding categorical features.. Compleated
2021-10-07 22:25:12,247 - INFO - label_encoding - Label encoding categorical features.. Stored
2021-10-07 22:25:12,248 - INFO - label_encoding - Label encoding categorical features.. Started
2021-10-07 22:25:12,253 - INFO - label_encoding - Label encoding categorical features.. Compleated
2021-10-07 22:25:12,253 - INFO - label_encoding - Label encoding categorical features.. Stored
